<?xml version="1.0" encoding="UTF-8"?>
<testsuite name="com.joelromanpr.commandline.ktx.ParserTest" tests="14" skipped="0" failures="0" errors="0" timestamp="2025-10-30T19:37:16.065Z" hostname="Joels-Command-Center---MP.local" time="0.261">
  <properties/>
  <testcase name="parses using custom TypeConverter()" classname="com.joelromanpr.commandline.ktx.ParserTest" time="0.173"/>
  <testcase name="returns UnknownOption error for unrecognised options()" classname="com.joelromanpr.commandline.ktx.ParserTest" time="0.009"/>
  <testcase name="parses list of strings with separator()" classname="com.joelromanpr.commandline.ktx.ParserTest" time="0.011"/>
  <testcase name="returns MissingRequired error when required option is missing()" classname="com.joelromanpr.commandline.ktx.ParserTest" time="0.004"/>
  <testcase name="enforces required option group()" classname="com.joelromanpr.commandline.ktx.ParserTest" time="0.006"/>
  <testcase name="command line argument overrides annotation default()" classname="com.joelromanpr.commandline.ktx.ParserTest" time="0.004"/>
  <testcase name="returns ValidationFailed error for integer outside Range()" classname="com.joelromanpr.commandline.ktx.ParserTest" time="0.012"/>
  <testcase name="enforces mutually exclusive option group()" classname="com.joelromanpr.commandline.ktx.ParserTest" time="0.004"/>
  <testcase name="parses basic string and boolean options()" classname="com.joelromanpr.commandline.ktx.ParserTest" time="0.006"/>
  <testcase name="returns MissingValue error when option expects a value but gets none()" classname="com.joelromanpr.commandline.ktx.ParserTest" time="0.004"/>
  <testcase name="parses positional value arguments()" classname="com.joelromanpr.commandline.ktx.ParserTest" time="0.005"/>
  <testcase name="uses default value from annotation when not provided()" classname="com.joelromanpr.commandline.ktx.ParserTest" time="0.003"/>
  <testcase name="validates integer within Range()" classname="com.joelromanpr.commandline.ktx.ParserTest" time="0.003"/>
  <testcase name="returns InvalidType error for wrong value type()" classname="com.joelromanpr.commandline.ktx.ParserTest" time="0.01"/>
  <system-out><![CDATA[]]></system-out>
  <system-err><![CDATA[]]></system-err>
</testsuite>
